Vivado Simulator 2019.2
Time resolution is 1 ps
Error: File VECTORES.txt is already at the end of file, nothing to read
Time: 295 ns  Iteration: 1  Process: /Pila_MemoriaPrograma_tb/stim_proc  File: C:/Users/146261/Documents/IPN ESCOM/Arquitectura/Practica11_PilaHardware2/Practica11_PilaHardware2.srcs/sources_1/new/Pila_MemoriaPrograma_tb.vhd
Error: STD_LOGIC_1164.HREAD End of string encountered
Time: 295 ns  Iteration: 1  Process: /Pila_MemoriaPrograma_tb/stim_proc  File: C:/Users/146261/Documents/IPN ESCOM/Arquitectura/Practica11_PilaHardware2/Practica11_PilaHardware2.srcs/sources_1/new/Pila_MemoriaPrograma_tb.vhd
Error: STD_LOGIC_1164.READ(STD_ULOGIC) End of string encountered
Time: 295 ns  Iteration: 1  Process: /Pila_MemoriaPrograma_tb/stim_proc  File: C:/Users/146261/Documents/IPN ESCOM/Arquitectura/Practica11_PilaHardware2/Practica11_PilaHardware2.srcs/sources_1/new/Pila_MemoriaPrograma_tb.vhd
Error: STD_LOGIC_1164.READ(STD_ULOGIC) End of string encountered
Time: 295 ns  Iteration: 1  Process: /Pila_MemoriaPrograma_tb/stim_proc  File: C:/Users/146261/Documents/IPN ESCOM/Arquitectura/Practica11_PilaHardware2/Practica11_PilaHardware2.srcs/sources_1/new/Pila_MemoriaPrograma_tb.vhd
Error: STD_LOGIC_1164.READ(STD_ULOGIC) End of string encountered
Time: 295 ns  Iteration: 1  Process: /Pila_MemoriaPrograma_tb/stim_proc  File: C:/Users/146261/Documents/IPN ESCOM/Arquitectura/Practica11_PilaHardware2/Practica11_PilaHardware2.srcs/sources_1/new/Pila_MemoriaPrograma_tb.vhd
Error: STD_LOGIC_1164.READ(STD_ULOGIC) End of string encountered
Time: 295 ns  Iteration: 1  Process: /Pila_MemoriaPrograma_tb/stim_proc  File: C:/Users/146261/Documents/IPN ESCOM/Arquitectura/Practica11_PilaHardware2/Practica11_PilaHardware2.srcs/sources_1/new/Pila_MemoriaPrograma_tb.vhd
Error: File VECTORES.txt is already at the end of file, nothing to read
Time: 305 ns  Iteration: 1  Process: /Pila_MemoriaPrograma_tb/stim_proc  File: C:/Users/146261/Documents/IPN ESCOM/Arquitectura/Practica11_PilaHardware2/Practica11_PilaHardware2.srcs/sources_1/new/Pila_MemoriaPrograma_tb.vhd
Error: STD_LOGIC_1164.HREAD End of string encountered
Time: 305 ns  Iteration: 1  Process: /Pila_MemoriaPrograma_tb/stim_proc  File: C:/Users/146261/Documents/IPN ESCOM/Arquitectura/Practica11_PilaHardware2/Practica11_PilaHardware2.srcs/sources_1/new/Pila_MemoriaPrograma_tb.vhd
Error: STD_LOGIC_1164.READ(STD_ULOGIC) End of string encountered
Time: 305 ns  Iteration: 1  Process: /Pila_MemoriaPrograma_tb/stim_proc  File: C:/Users/146261/Documents/IPN ESCOM/Arquitectura/Practica11_PilaHardware2/Practica11_PilaHardware2.srcs/sources_1/new/Pila_MemoriaPrograma_tb.vhd
Error: STD_LOGIC_1164.READ(STD_ULOGIC) End of string encountered
Time: 305 ns  Iteration: 1  Process: /Pila_MemoriaPrograma_tb/stim_proc  File: C:/Users/146261/Documents/IPN ESCOM/Arquitectura/Practica11_PilaHardware2/Practica11_PilaHardware2.srcs/sources_1/new/Pila_MemoriaPrograma_tb.vhd
Error: STD_LOGIC_1164.READ(STD_ULOGIC) End of string encountered
Time: 305 ns  Iteration: 1  Process: /Pila_MemoriaPrograma_tb/stim_proc  File: C:/Users/146261/Documents/IPN ESCOM/Arquitectura/Practica11_PilaHardware2/Practica11_PilaHardware2.srcs/sources_1/new/Pila_MemoriaPrograma_tb.vhd
Error: STD_LOGIC_1164.READ(STD_ULOGIC) End of string encountered
Time: 305 ns  Iteration: 1  Process: /Pila_MemoriaPrograma_tb/stim_proc  File: C:/Users/146261/Documents/IPN ESCOM/Arquitectura/Practica11_PilaHardware2/Practica11_PilaHardware2.srcs/sources_1/new/Pila_MemoriaPrograma_tb.vhd
Error: File VECTORES.txt is already at the end of file, nothing to read
Time: 315 ns  Iteration: 1  Process: /Pila_MemoriaPrograma_tb/stim_proc  File: C:/Users/146261/Documents/IPN ESCOM/Arquitectura/Practica11_PilaHardware2/Practica11_PilaHardware2.srcs/sources_1/new/Pila_MemoriaPrograma_tb.vhd
Error: STD_LOGIC_1164.HREAD End of string encountered
Time: 315 ns  Iteration: 1  Process: /Pila_MemoriaPrograma_tb/stim_proc  File: C:/Users/146261/Documents/IPN ESCOM/Arquitectura/Practica11_PilaHardware2/Practica11_PilaHardware2.srcs/sources_1/new/Pila_MemoriaPrograma_tb.vhd
Error: STD_LOGIC_1164.READ(STD_ULOGIC) End of string encountered
Time: 315 ns  Iteration: 1  Process: /Pila_MemoriaPrograma_tb/stim_proc  File: C:/Users/146261/Documents/IPN ESCOM/Arquitectura/Practica11_PilaHardware2/Practica11_PilaHardware2.srcs/sources_1/new/Pila_MemoriaPrograma_tb.vhd
Error: STD_LOGIC_1164.READ(STD_ULOGIC) End of string encountered
Time: 315 ns  Iteration: 1  Process: /Pila_MemoriaPrograma_tb/stim_proc  File: C:/Users/146261/Documents/IPN ESCOM/Arquitectura/Practica11_PilaHardware2/Practica11_PilaHardware2.srcs/sources_1/new/Pila_MemoriaPrograma_tb.vhd
Error: STD_LOGIC_1164.READ(STD_ULOGIC) End of string encountered
Time: 315 ns  Iteration: 1  Process: /Pila_MemoriaPrograma_tb/stim_proc  File: C:/Users/146261/Documents/IPN ESCOM/Arquitectura/Practica11_PilaHardware2/Practica11_PilaHardware2.srcs/sources_1/new/Pila_MemoriaPrograma_tb.vhd
Error: STD_LOGIC_1164.READ(STD_ULOGIC) End of string encountered
Time: 315 ns  Iteration: 1  Process: /Pila_MemoriaPrograma_tb/stim_proc  File: C:/Users/146261/Documents/IPN ESCOM/Arquitectura/Practica11_PilaHardware2/Practica11_PilaHardware2.srcs/sources_1/new/Pila_MemoriaPrograma_tb.vhd
Error: File VECTORES.txt is already at the end of file, nothing to read
Time: 325 ns  Iteration: 1  Process: /Pila_MemoriaPrograma_tb/stim_proc  File: C:/Users/146261/Documents/IPN ESCOM/Arquitectura/Practica11_PilaHardware2/Practica11_PilaHardware2.srcs/sources_1/new/Pila_MemoriaPrograma_tb.vhd
Error: STD_LOGIC_1164.HREAD End of string encountered
Time: 325 ns  Iteration: 1  Process: /Pila_MemoriaPrograma_tb/stim_proc  File: C:/Users/146261/Documents/IPN ESCOM/Arquitectura/Practica11_PilaHardware2/Practica11_PilaHardware2.srcs/sources_1/new/Pila_MemoriaPrograma_tb.vhd
Error: STD_LOGIC_1164.READ(STD_ULOGIC) End of string encountered
Time: 325 ns  Iteration: 1  Process: /Pila_MemoriaPrograma_tb/stim_proc  File: C:/Users/146261/Documents/IPN ESCOM/Arquitectura/Practica11_PilaHardware2/Practica11_PilaHardware2.srcs/sources_1/new/Pila_MemoriaPrograma_tb.vhd
Error: STD_LOGIC_1164.READ(STD_ULOGIC) End of string encountered
Time: 325 ns  Iteration: 1  Process: /Pila_MemoriaPrograma_tb/stim_proc  File: C:/Users/146261/Documents/IPN ESCOM/Arquitectura/Practica11_PilaHardware2/Practica11_PilaHardware2.srcs/sources_1/new/Pila_MemoriaPrograma_tb.vhd
Error: STD_LOGIC_1164.READ(STD_ULOGIC) End of string encountered
Time: 325 ns  Iteration: 1  Process: /Pila_MemoriaPrograma_tb/stim_proc  File: C:/Users/146261/Documents/IPN ESCOM/Arquitectura/Practica11_PilaHardware2/Practica11_PilaHardware2.srcs/sources_1/new/Pila_MemoriaPrograma_tb.vhd
Error: STD_LOGIC_1164.READ(STD_ULOGIC) End of string encountered
Time: 325 ns  Iteration: 1  Process: /Pila_MemoriaPrograma_tb/stim_proc  File: C:/Users/146261/Documents/IPN ESCOM/Arquitectura/Practica11_PilaHardware2/Practica11_PilaHardware2.srcs/sources_1/new/Pila_MemoriaPrograma_tb.vhd
Error: File VECTORES.txt is already at the end of file, nothing to read
Time: 335 ns  Iteration: 1  Process: /Pila_MemoriaPrograma_tb/stim_proc  File: C:/Users/146261/Documents/IPN ESCOM/Arquitectura/Practica11_PilaHardware2/Practica11_PilaHardware2.srcs/sources_1/new/Pila_MemoriaPrograma_tb.vhd
Error: STD_LOGIC_1164.HREAD End of string encountered
Time: 335 ns  Iteration: 1  Process: /Pila_MemoriaPrograma_tb/stim_proc  File: C:/Users/146261/Documents/IPN ESCOM/Arquitectura/Practica11_PilaHardware2/Practica11_PilaHardware2.srcs/sources_1/new/Pila_MemoriaPrograma_tb.vhd
Error: STD_LOGIC_1164.READ(STD_ULOGIC) End of string encountered
Time: 335 ns  Iteration: 1  Process: /Pila_MemoriaPrograma_tb/stim_proc  File: C:/Users/146261/Documents/IPN ESCOM/Arquitectura/Practica11_PilaHardware2/Practica11_PilaHardware2.srcs/sources_1/new/Pila_MemoriaPrograma_tb.vhd
Error: STD_LOGIC_1164.READ(STD_ULOGIC) End of string encountered
Time: 335 ns  Iteration: 1  Process: /Pila_MemoriaPrograma_tb/stim_proc  File: C:/Users/146261/Documents/IPN ESCOM/Arquitectura/Practica11_PilaHardware2/Practica11_PilaHardware2.srcs/sources_1/new/Pila_MemoriaPrograma_tb.vhd
Error: STD_LOGIC_1164.READ(STD_ULOGIC) End of string encountered
Time: 335 ns  Iteration: 1  Process: /Pila_MemoriaPrograma_tb/stim_proc  File: C:/Users/146261/Documents/IPN ESCOM/Arquitectura/Practica11_PilaHardware2/Practica11_PilaHardware2.srcs/sources_1/new/Pila_MemoriaPrograma_tb.vhd
Error: STD_LOGIC_1164.READ(STD_ULOGIC) End of string encountered
Time: 335 ns  Iteration: 1  Process: /Pila_MemoriaPrograma_tb/stim_proc  File: C:/Users/146261/Documents/IPN ESCOM/Arquitectura/Practica11_PilaHardware2/Practica11_PilaHardware2.srcs/sources_1/new/Pila_MemoriaPrograma_tb.vhd
Error: File VECTORES.txt is already at the end of file, nothing to read
Time: 345 ns  Iteration: 1  Process: /Pila_MemoriaPrograma_tb/stim_proc  File: C:/Users/146261/Documents/IPN ESCOM/Arquitectura/Practica11_PilaHardware2/Practica11_PilaHardware2.srcs/sources_1/new/Pila_MemoriaPrograma_tb.vhd
Error: STD_LOGIC_1164.HREAD End of string encountered
Time: 345 ns  Iteration: 1  Process: /Pila_MemoriaPrograma_tb/stim_proc  File: C:/Users/146261/Documents/IPN ESCOM/Arquitectura/Practica11_PilaHardware2/Practica11_PilaHardware2.srcs/sources_1/new/Pila_MemoriaPrograma_tb.vhd
Error: STD_LOGIC_1164.READ(STD_ULOGIC) End of string encountered
Time: 345 ns  Iteration: 1  Process: /Pila_MemoriaPrograma_tb/stim_proc  File: C:/Users/146261/Documents/IPN ESCOM/Arquitectura/Practica11_PilaHardware2/Practica11_PilaHardware2.srcs/sources_1/new/Pila_MemoriaPrograma_tb.vhd
Error: STD_LOGIC_1164.READ(STD_ULOGIC) End of string encountered
Time: 345 ns  Iteration: 1  Process: /Pila_MemoriaPrograma_tb/stim_proc  File: C:/Users/146261/Documents/IPN ESCOM/Arquitectura/Practica11_PilaHardware2/Practica11_PilaHardware2.srcs/sources_1/new/Pila_MemoriaPrograma_tb.vhd
Error: STD_LOGIC_1164.READ(STD_ULOGIC) End of string encountered
Time: 345 ns  Iteration: 1  Process: /Pila_MemoriaPrograma_tb/stim_proc  File: C:/Users/146261/Documents/IPN ESCOM/Arquitectura/Practica11_PilaHardware2/Practica11_PilaHardware2.srcs/sources_1/new/Pila_MemoriaPrograma_tb.vhd
Error: STD_LOGIC_1164.READ(STD_ULOGIC) End of string encountered
Time: 345 ns  Iteration: 1  Process: /Pila_MemoriaPrograma_tb/stim_proc  File: C:/Users/146261/Documents/IPN ESCOM/Arquitectura/Practica11_PilaHardware2/Practica11_PilaHardware2.srcs/sources_1/new/Pila_MemoriaPrograma_tb.vhd
