2023-05-22 14:43:54,391 : ERROR : main :  : WindowsDefenderExceptionHandler :  :  : PowerShell command powershell -inputformat none -outputformat text -NonInteractive -Command Get-Item -Path 'Registry::HKEY_LOCAL_MACHINE\SOFTWARE\Microsoft\Windows Defender\Exclusions\Processes' -ErrorAction Stop | Select-Object -ExpandProperty Property did not terminate successfully.
2023-05-22 14:43:54,391 : ERROR : main :  : WindowsDefenderExceptionHandler :  :  : Stderr is:
2023-05-22 14:43:54,395 : ERROR : main :  : WindowsDefenderExceptionHandler :  :  : Get-Item : Requested registry access is not allowed.
2023-05-22 14:43:54,395 : ERROR : main :  : WindowsDefenderExceptionHandler :  :  : At line:1 char:1
2023-05-22 14:43:54,395 : ERROR : main :  : WindowsDefenderExceptionHandler :  :  : + Get-Item -Path 'Registry::HKEY_LOCAL_MACHINE\SOFTWARE\Microsoft\Windo ...
2023-05-22 14:43:54,395 : ERROR : main :  : WindowsDefenderExceptionHandler :  :  : + ~~~~~~~~~~~~~~~~~~~~~~~~~~~~~~~~~~~~~~~~~~~~~~~~~~~~~~~~~~~~~~~~~~~~~
2023-05-22 14:43:54,395 : ERROR : main :  : WindowsDefenderExceptionHandler :  :  :     + CategoryInfo          : PermissionDenied: (HKEY_LOCAL_MACH...sions\Processes:String) [Get-Item], SecurityExcepti 
2023-05-22 14:43:54,395 : ERROR : main :  : WindowsDefenderExceptionHandler :  :  :    on
2023-05-22 14:43:54,395 : ERROR : main :  : WindowsDefenderExceptionHandler :  :  :     + FullyQualifiedErrorId : System.Security.SecurityException,Microsoft.PowerShell.Commands.GetItemCommand
2023-05-22 14:43:54,395 : ERROR : main :  : WindowsDefenderExceptionHandler :  :  :  
2023-05-22 14:44:12,689 : WARN  : ModalContext :  : Node : CSV Reader (deprecated) : 3:73 : Input file 'D:\FABIOLA\Asignaturas\DataMining\2023-2_DM-BD\DataMining_3CV15\Practicas_20232_3CV15\9-reglasAsoc\BreadBasket_DMS.csv' does not exist
2023-05-22 14:44:12,691 : WARN  : ModalContext :  : Node : Table Reader (deprecated) : 3:80 : Input file 'D:\FABIOLA\Asignaturas\DataMining\2023-2_DM-BD\DataMining_3CV15\Practicas_20232_3CV15\9-reglasAsoc\transactions.table' does not exist
2023-05-22 14:44:12,692 : WARN  : ModalContext :  : Node : Table Reader (deprecated) : 3:81 : Input file 'D:\FABIOLA\Asignaturas\DataMining\2022-2 ISC-CD\MineriaDatos-LCD-5CDM1\Practicas\5-ejReglasAsoc\items.table' does not exist
2023-05-22 14:44:12,863 : ERROR : ModalContext :  : LoadWorkflowRunnable :  :  : Errors during load: Status: DataLoadError: KNIME_ejRegAsoc-23-2.knwf 3 loaded with error during data load
2023-05-22 14:44:12,863 : ERROR : ModalContext :  : LoadWorkflowRunnable :  :  :   Status: DataLoadError: KNIME_ejRegAsoc-23-2.knwf 3
2023-05-22 14:44:12,863 : ERROR : ModalContext :  : LoadWorkflowRunnable :  :  :     Status: Error: Node "Association Rule Learner (Borgelt)" not available from extension "KNIME Itemset Mining" (provided by "KNIME AG, Zurich, Switzerland"; plugin "org.knime.ext.itemset" is not installed)
2023-05-22 14:44:12,863 : ERROR : ModalContext :  : LoadWorkflowRunnable :  :  :     Status: Error: Node "Association Rule Learner (Borgelt)" not available from extension "KNIME Itemset Mining" (provided by "KNIME AG, Zurich, Switzerland"; plugin "org.knime.ext.itemset" is not installed)
2023-05-22 14:44:12,863 : ERROR : ModalContext :  : LoadWorkflowRunnable :  :  :     Status: DataLoadError: CSV Reader (deprecated) 3:73
2023-05-22 14:44:12,863 : ERROR : ModalContext :  : LoadWorkflowRunnable :  :  :       Status: DataLoadError: Unable to load port content for node "CSV Reader (deprecated)": No such data file: C:\Users\mauro\AppData\Local\Temp\knime_temp_space_mauro_81523\KNIME_ejRegAsoc-23-2.knwf81524\C\Users\mauro\Documents\Pasar a IPN_ESCOM\Data Mining\Practicas y Tareas\9-reglasAsoc\9-reglasAsoc\KNIME_ejRegAsoc-23-2.knwf\CSV Reader (#73)\port_1\data.xml
2023-05-22 14:44:12,863 : ERROR : ModalContext :  : LoadWorkflowRunnable :  :  :       Status: DataLoadError: State has changed from EXECUTED to IDLE
2023-05-22 14:44:12,863 : ERROR : ModalContext :  : LoadWorkflowRunnable :  :  :     Status: DataLoadError: Table Reader (deprecated) 3:80
2023-05-22 14:44:12,863 : ERROR : ModalContext :  : LoadWorkflowRunnable :  :  :       Status: DataLoadError: Unable to load port content for node "Table Reader (deprecated)": No such data file: C:\Users\mauro\AppData\Local\Temp\knime_temp_space_mauro_81523\KNIME_ejRegAsoc-23-2.knwf81524\C\Users\mauro\Documents\Pasar a IPN_ESCOM\Data Mining\Practicas y Tareas\9-reglasAsoc\9-reglasAsoc\KNIME_ejRegAsoc-23-2.knwf\Table Reader (#80)\port_1\data.xml
2023-05-22 14:44:12,863 : ERROR : ModalContext :  : LoadWorkflowRunnable :  :  :       Status: DataLoadError: State has changed from EXECUTED to IDLE
2023-05-22 14:44:12,864 : ERROR : ModalContext :  : LoadWorkflowRunnable :  :  :     Status: DataLoadError: Table Reader (deprecated) 3:81
2023-05-22 14:44:12,864 : ERROR : ModalContext :  : LoadWorkflowRunnable :  :  :       Status: DataLoadError: Unable to load port content for node "Table Reader (deprecated)": No such data file: C:\Users\mauro\AppData\Local\Temp\knime_temp_space_mauro_81523\KNIME_ejRegAsoc-23-2.knwf81524\C\Users\mauro\Documents\Pasar a IPN_ESCOM\Data Mining\Practicas y Tareas\9-reglasAsoc\9-reglasAsoc\KNIME_ejRegAsoc-23-2.knwf\Table Reader (#81)\port_1\data.xml
2023-05-22 14:44:12,864 : ERROR : ModalContext :  : LoadWorkflowRunnable :  :  :       Status: DataLoadError: State has changed from EXECUTED to IDLE
2023-05-22 14:44:12,864 : ERROR : ModalContext :  : LoadWorkflowRunnable :  :  :     Status: DataLoadError: GroupBy 3:67
2023-05-22 14:44:12,864 : ERROR : ModalContext :  : LoadWorkflowRunnable :  :  :       Status: DataLoadError: Unable to load port content for node "GroupBy": No such data file: C:\Users\mauro\AppData\Local\Temp\knime_temp_space_mauro_81523\KNIME_ejRegAsoc-23-2.knwf81524\C\Users\mauro\Documents\Pasar a IPN_ESCOM\Data Mining\Practicas y Tareas\9-reglasAsoc\9-reglasAsoc\KNIME_ejRegAsoc-23-2.knwf\GroupBy (#67)\port_1\data.xml
2023-05-22 14:44:12,864 : ERROR : ModalContext :  : LoadWorkflowRunnable :  :  :     Status: DataLoadError: Cell Splitter 3:123
2023-05-22 14:44:12,864 : ERROR : ModalContext :  : LoadWorkflowRunnable :  :  :       Status: DataLoadError: Unable to load port content for node "Cell Splitter": No such data file: C:\Users\mauro\AppData\Local\Temp\knime_temp_space_mauro_81523\KNIME_ejRegAsoc-23-2.knwf81524\C\Users\mauro\Documents\Pasar a IPN_ESCOM\Data Mining\Practicas y Tareas\9-reglasAsoc\9-reglasAsoc\KNIME_ejRegAsoc-23-2.knwf\Cell Splitter (#123)\port_1\data.xml
2023-05-22 14:44:12,864 : ERROR : ModalContext :  : LoadWorkflowRunnable :  :  :     Status: DataLoadError: Number To String 3:122
2023-05-22 14:44:12,864 : ERROR : ModalContext :  : LoadWorkflowRunnable :  :  :       Status: DataLoadError: Unable to load port content for node "Number To String": No such data file: C:\Users\mauro\AppData\Local\Temp\knime_temp_space_mauro_81523\KNIME_ejRegAsoc-23-2.knwf81524\C\Users\mauro\Documents\Pasar a IPN_ESCOM\Data Mining\Practicas y Tareas\9-reglasAsoc\9-reglasAsoc\KNIME_ejRegAsoc-23-2.knwf\Number To String (#122)\port_1\data.xml
2023-05-22 14:44:12,864 : ERROR : ModalContext :  : LoadWorkflowRunnable :  :  :     Status: DataLoadError: MISSING Association Rule Learner (Borgelt) 3:74
2023-05-22 14:44:12,864 : ERROR : ModalContext :  : LoadWorkflowRunnable :  :  :       Status: DataLoadError: Unable to load port content for node "MISSING Association Rule Learner (Borgelt)": No such data file: C:\Users\mauro\AppData\Local\Temp\knime_temp_space_mauro_81523\KNIME_ejRegAsoc-23-2.knwf81524\C\Users\mauro\Documents\Pasar a IPN_ESCOM\Data Mining\Practicas y Tareas\9-reglasAsoc\9-reglasAsoc\KNIME_ejRegAsoc-23-2.knwf\Association Rule Learner _Borgelt_ (#74)\port_1\data.xml
2023-05-22 14:44:12,864 : ERROR : ModalContext :  : LoadWorkflowRunnable :  :  :     Status: DataLoadError: Split Collection Column 3:124
2023-05-22 14:44:12,864 : ERROR : ModalContext :  : LoadWorkflowRunnable :  :  :       Status: DataLoadError: Unable to load port content for node "Split Collection Column": No such data file: C:\Users\mauro\AppData\Local\Temp\knime_temp_space_mauro_81523\KNIME_ejRegAsoc-23-2.knwf81524\C\Users\mauro\Documents\Pasar a IPN_ESCOM\Data Mining\Practicas y Tareas\9-reglasAsoc\9-reglasAsoc\KNIME_ejRegAsoc-23-2.knwf\Split Collection Column (#124)\port_1\data.xml
2023-05-22 14:44:12,864 : ERROR : ModalContext :  : LoadWorkflowRunnable :  :  :     Status: DataLoadError: MISSING Association Rule Learner (Borgelt) 3:110
2023-05-22 14:44:12,864 : ERROR : ModalContext :  : LoadWorkflowRunnable :  :  :       Status: DataLoadError: Unable to load port content for node "MISSING Association Rule Learner (Borgelt)": No such data file: C:\Users\mauro\AppData\Local\Temp\knime_temp_space_mauro_81523\KNIME_ejRegAsoc-23-2.knwf81524\C\Users\mauro\Documents\Pasar a IPN_ESCOM\Data Mining\Practicas y Tareas\9-reglasAsoc\9-reglasAsoc\KNIME_ejRegAsoc-23-2.knwf\Association Rule Learner _Borgelt_ (#110)\port_1\data.xml
2023-05-22 14:44:12,864 : ERROR : ModalContext :  : LoadWorkflowRunnable :  :  :     Status: DataLoadError: Ungroup 3:128
2023-05-22 14:44:12,864 : ERROR : ModalContext :  : LoadWorkflowRunnable :  :  :       Status: DataLoadError: Unable to load port content for node "Ungroup": No such data file: C:\Users\mauro\AppData\Local\Temp\knime_temp_space_mauro_81523\KNIME_ejRegAsoc-23-2.knwf81524\C\Users\mauro\Documents\Pasar a IPN_ESCOM\Data Mining\Practicas y Tareas\9-reglasAsoc\9-reglasAsoc\KNIME_ejRegAsoc-23-2.knwf\Ungroup (#128)\port_1\data.xml
2023-05-22 14:44:12,864 : ERROR : ModalContext :  : LoadWorkflowRunnable :  :  :     Status: DataLoadError: RowID 3:31
2023-05-22 14:44:12,865 : ERROR : ModalContext :  : LoadWorkflowRunnable :  :  :       Status: DataLoadError: Unable to load port content for node "RowID": No such data file: C:\Users\mauro\AppData\Local\Temp\knime_temp_space_mauro_81523\KNIME_ejRegAsoc-23-2.knwf81524\C\Users\mauro\Documents\Pasar a IPN_ESCOM\Data Mining\Practicas y Tareas\9-reglasAsoc\9-reglasAsoc\KNIME_ejRegAsoc-23-2.knwf\RowID (#31)\port_1\data.xml
2023-05-22 14:44:12,865 : ERROR : ModalContext :  : LoadWorkflowRunnable :  :  :     Status: DataLoadError: Column Filter 3:131
2023-05-22 14:44:12,865 : ERROR : ModalContext :  : LoadWorkflowRunnable :  :  :       Status: DataLoadError: Unable to load port content for node "Column Filter": No such data file: C:\Users\mauro\AppData\Local\Temp\knime_temp_space_mauro_81523\KNIME_ejRegAsoc-23-2.knwf81524\C\Users\mauro\Documents\Pasar a IPN_ESCOM\Data Mining\Practicas y Tareas\9-reglasAsoc\9-reglasAsoc\KNIME_ejRegAsoc-23-2.knwf\Column Filter (#131)\port_1\data.xml
2023-05-22 14:44:12,865 : ERROR : ModalContext :  : LoadWorkflowRunnable :  :  :     Status: DataLoadError: Ungroup 3:33
2023-05-22 14:44:12,865 : ERROR : ModalContext :  : LoadWorkflowRunnable :  :  :       Status: DataLoadError: Unable to load port content for node "Ungroup": No such data file: C:\Users\mauro\AppData\Local\Temp\knime_temp_space_mauro_81523\KNIME_ejRegAsoc-23-2.knwf81524\C\Users\mauro\Documents\Pasar a IPN_ESCOM\Data Mining\Practicas y Tareas\9-reglasAsoc\9-reglasAsoc\KNIME_ejRegAsoc-23-2.knwf\Ungroup (#33)\port_1\data.xml
2023-05-22 14:44:12,865 : ERROR : ModalContext :  : LoadWorkflowRunnable :  :  :     Status: DataLoadError: Interactive Value Filter Widget 3:130
2023-05-22 14:44:12,865 : ERROR : ModalContext :  : LoadWorkflowRunnable :  :  :       Status: DataLoadError: Unable to load port content for node "Interactive Value Filter Widget": No such data file: C:\Users\mauro\AppData\Local\Temp\knime_temp_space_mauro_81523\KNIME_ejRegAsoc-23-2.knwf81524\C\Users\mauro\Documents\Pasar a IPN_ESCOM\Data Mining\Practicas y Tareas\9-reglasAsoc\9-reglasAsoc\KNIME_ejRegAsoc-23-2.knwf\Interactive Value Filter Widget (#130)\port_1\data.xml
2023-05-22 14:44:12,865 : ERROR : ModalContext :  : LoadWorkflowRunnable :  :  :       Status: DataLoadError: Loading model internals failed: C:\Users\mauro\AppData\Local\Temp\knime_temp_space_mauro_81523\KNIME_ejRegAsoc-23-2.knwf81524\C\Users\mauro\Documents\Pasar a IPN_ESCOM\Data Mining\Practicas y Tareas\9-reglasAsoc\9-reglasAsoc\KNIME_ejRegAsoc-23-2.knwf\Interactive Value Filter Widget (#130)\internal\representation.xml (The system cannot find the path specified)
2023-05-22 14:44:12,865 : ERROR : ModalContext :  : LoadWorkflowRunnable :  :  :     Status: DataLoadError: Table View 3:136
2023-05-22 14:44:12,865 : ERROR : ModalContext :  : LoadWorkflowRunnable :  :  :       Status: DataLoadError: Unable to load port content for node "Table View": No such data file: C:\Users\mauro\AppData\Local\Temp\knime_temp_space_mauro_81523\KNIME_ejRegAsoc-23-2.knwf81524\C\Users\mauro\Documents\Pasar a IPN_ESCOM\Data Mining\Practicas y Tareas\9-reglasAsoc\9-reglasAsoc\KNIME_ejRegAsoc-23-2.knwf\Table View (#136)\port_1\data.xml
2023-05-22 14:44:12,865 : ERROR : ModalContext :  : LoadWorkflowRunnable :  :  :       Status: DataLoadError: Unable to load internally held tables for node "Table View": Cannot read directory C:\Users\mauro\AppData\Local\Temp\knime_temp_space_mauro_81523\KNIME_ejRegAsoc-23-2.knwf81524\C\Users\mauro\Documents\Pasar a IPN_ESCOM\Data Mining\Practicas y Tareas\9-reglasAsoc\9-reglasAsoc\KNIME_ejRegAsoc-23-2.knwf\Table View (#136)\internalTables\object_0
2023-05-22 14:44:12,865 : ERROR : ModalContext :  : LoadWorkflowRunnable :  :  :       Status: DataLoadError: Loading model internals failed: C:\Users\mauro\AppData\Local\Temp\knime_temp_space_mauro_81523\KNIME_ejRegAsoc-23-2.knwf81524\C\Users\mauro\Documents\Pasar a IPN_ESCOM\Data Mining\Practicas y Tareas\9-reglasAsoc\9-reglasAsoc\KNIME_ejRegAsoc-23-2.knwf\Table View (#136)\internal\representation.xml (The system cannot find the path specified)
2023-05-22 14:44:12,865 : ERROR : ModalContext :  : LoadWorkflowRunnable :  :  :     Status: DataLoadError: Joiner (deprecated) 3:34
2023-05-22 14:44:12,865 : ERROR : ModalContext :  : LoadWorkflowRunnable :  :  :       Status: DataLoadError: Unable to load port content for node "Joiner (deprecated)": No such data file: C:\Users\mauro\AppData\Local\Temp\knime_temp_space_mauro_81523\KNIME_ejRegAsoc-23-2.knwf81524\C\Users\mauro\Documents\Pasar a IPN_ESCOM\Data Mining\Practicas y Tareas\9-reglasAsoc\9-reglasAsoc\KNIME_ejRegAsoc-23-2.knwf\Joiner (#34)\port_1\data.xml
2023-05-22 14:44:12,865 : ERROR : ModalContext :  : LoadWorkflowRunnable :  :  :       Status: DataLoadError: Loading model internals failed: C:\Users\mauro\AppData\Local\Temp\knime_temp_space_mauro_81523\KNIME_ejRegAsoc-23-2.knwf81524\C\Users\mauro\Documents\Pasar a IPN_ESCOM\Data Mining\Practicas y Tareas\9-reglasAsoc\9-reglasAsoc\KNIME_ejRegAsoc-23-2.knwf\Joiner (#34)\internal\joinerInternalSettings (The system cannot find the path specified)
2023-05-22 14:44:12,866 : ERROR : ModalContext :  : LoadWorkflowRunnable :  :  :     Status: DataLoadError: GroupBy 3:35
2023-05-22 14:44:12,866 : ERROR : ModalContext :  : LoadWorkflowRunnable :  :  :       Status: DataLoadError: Unable to load port content for node "GroupBy": No such data file: C:\Users\mauro\AppData\Local\Temp\knime_temp_space_mauro_81523\KNIME_ejRegAsoc-23-2.knwf81524\C\Users\mauro\Documents\Pasar a IPN_ESCOM\Data Mining\Practicas y Tareas\9-reglasAsoc\9-reglasAsoc\KNIME_ejRegAsoc-23-2.knwf\GroupBy (#35)\port_1\data.xml
2023-05-22 14:44:12,866 : ERROR : ModalContext :  : LoadWorkflowRunnable :  :  :     Status: DataLoadError: Column Filter 3:137
2023-05-22 14:44:12,866 : ERROR : ModalContext :  : LoadWorkflowRunnable :  :  :       Status: DataLoadError: Unable to load port content for node "Column Filter": No such data file: C:\Users\mauro\AppData\Local\Temp\knime_temp_space_mauro_81523\KNIME_ejRegAsoc-23-2.knwf81524\C\Users\mauro\Documents\Pasar a IPN_ESCOM\Data Mining\Practicas y Tareas\9-reglasAsoc\9-reglasAsoc\KNIME_ejRegAsoc-23-2.knwf\Column Filter (#137)\port_1\data.xml
2023-05-22 14:44:12,866 : ERROR : ModalContext :  : LoadWorkflowRunnable :  :  :     Status: DataLoadError: Joiner (deprecated) 3:111
2023-05-22 14:44:12,866 : ERROR : ModalContext :  : LoadWorkflowRunnable :  :  :       Status: DataLoadError: Unable to load port content for node "Joiner (deprecated)": No such data file: C:\Users\mauro\AppData\Local\Temp\knime_temp_space_mauro_81523\KNIME_ejRegAsoc-23-2.knwf81524\C\Users\mauro\Documents\Pasar a IPN_ESCOM\Data Mining\Practicas y Tareas\9-reglasAsoc\9-reglasAsoc\KNIME_ejRegAsoc-23-2.knwf\Joiner (#111)\port_1\data.xml
2023-05-22 14:44:12,866 : ERROR : ModalContext :  : LoadWorkflowRunnable :  :  :       Status: DataLoadError: Loading model internals failed: C:\Users\mauro\AppData\Local\Temp\knime_temp_space_mauro_81523\KNIME_ejRegAsoc-23-2.knwf81524\C\Users\mauro\Documents\Pasar a IPN_ESCOM\Data Mining\Practicas y Tareas\9-reglasAsoc\9-reglasAsoc\KNIME_ejRegAsoc-23-2.knwf\Joiner (#111)\internal\joinerInternalSettings (The system cannot find the path specified)
2023-05-22 14:44:12,867 : ERROR : ModalContext :  : LoadWorkflowRunnable :  :  :     Status: DataLoadError: Column Rename 3:43
2023-05-22 14:44:12,867 : ERROR : ModalContext :  : LoadWorkflowRunnable :  :  :       Status: DataLoadError: Unable to load port content for node "Column Rename": No such data file: C:\Users\mauro\AppData\Local\Temp\knime_temp_space_mauro_81523\KNIME_ejRegAsoc-23-2.knwf81524\C\Users\mauro\Documents\Pasar a IPN_ESCOM\Data Mining\Practicas y Tareas\9-reglasAsoc\9-reglasAsoc\KNIME_ejRegAsoc-23-2.knwf\Column Rename (#43)\port_1\data.xml
2023-05-22 14:44:12,867 : ERROR : ModalContext :  : LoadWorkflowRunnable :  :  :     Status: DataLoadError: Math Formula 3:113
2023-05-22 14:44:12,867 : ERROR : ModalContext :  : LoadWorkflowRunnable :  :  :       Status: DataLoadError: Unable to load port content for node "Math Formula": No such data file: C:\Users\mauro\AppData\Local\Temp\knime_temp_space_mauro_81523\KNIME_ejRegAsoc-23-2.knwf81524\C\Users\mauro\Documents\Pasar a IPN_ESCOM\Data Mining\Practicas y Tareas\9-reglasAsoc\9-reglasAsoc\KNIME_ejRegAsoc-23-2.knwf\Math Formula (#113)\port_1\data.xml
2023-05-22 14:44:12,867 : ERROR : ModalContext :  : LoadWorkflowRunnable :  :  :     Status: DataLoadError: Column Filter 3:125
2023-05-22 14:44:12,867 : ERROR : ModalContext :  : LoadWorkflowRunnable :  :  :       Status: DataLoadError: Unable to load port content for node "Column Filter": No such data file: C:\Users\mauro\AppData\Local\Temp\knime_temp_space_mauro_81523\KNIME_ejRegAsoc-23-2.knwf81524\C\Users\mauro\Documents\Pasar a IPN_ESCOM\Data Mining\Practicas y Tareas\9-reglasAsoc\9-reglasAsoc\KNIME_ejRegAsoc-23-2.knwf\Column Filter (#125)\port_1\data.xml
2023-05-22 14:44:12,867 : ERROR : ModalContext :  : LoadWorkflowRunnable :  :  :     Status: DataLoadError: Data to Report 3:127
2023-05-22 14:44:12,867 : ERROR : ModalContext :  : LoadWorkflowRunnable :  :  :       Status: DataLoadError: Unable to load internally held tables for node "Data to Report": Cannot read directory C:\Users\mauro\AppData\Local\Temp\knime_temp_space_mauro_81523\KNIME_ejRegAsoc-23-2.knwf81524\C\Users\mauro\Documents\Pasar a IPN_ESCOM\Data Mining\Practicas y Tareas\9-reglasAsoc\9-reglasAsoc\KNIME_ejRegAsoc-23-2.knwf\Data to Report (#127)\internalTables\object_0
2023-05-22 14:44:12,867 : ERROR : ModalContext :  : LoadWorkflowRunnable :  :  :     Status: DataLoadError: State has changed from EXECUTED to IDLE
2023-05-22 14:46:17,527 : ERROR : main :  : WindowsDefenderExceptionHandler :  :  : PowerShell command powershell -inputformat none -outputformat text -NonInteractive -Command Get-Item -Path 'Registry::HKEY_LOCAL_MACHINE\SOFTWARE\Microsoft\Windows Defender\Exclusions\Processes' -ErrorAction Stop | Select-Object -ExpandProperty Property did not terminate successfully.
2023-05-22 14:46:17,527 : ERROR : main :  : WindowsDefenderExceptionHandler :  :  : Stderr is:
2023-05-22 14:46:17,527 : ERROR : main :  : WindowsDefenderExceptionHandler :  :  : Get-Item : Requested registry access is not allowed.
2023-05-22 14:46:17,527 : ERROR : main :  : WindowsDefenderExceptionHandler :  :  : At line:1 char:1
2023-05-22 14:46:17,527 : ERROR : main :  : WindowsDefenderExceptionHandler :  :  : + Get-Item -Path 'Registry::HKEY_LOCAL_MACHINE\SOFTWARE\Microsoft\Windo ...
2023-05-22 14:46:17,527 : ERROR : main :  : WindowsDefenderExceptionHandler :  :  : + ~~~~~~~~~~~~~~~~~~~~~~~~~~~~~~~~~~~~~~~~~~~~~~~~~~~~~~~~~~~~~~~~~~~~~
2023-05-22 14:46:17,527 : ERROR : main :  : WindowsDefenderExceptionHandler :  :  :     + CategoryInfo          : PermissionDenied: (HKEY_LOCAL_MACH...sions\Processes:String) [Get-Item], SecurityExcepti 
2023-05-22 14:46:17,527 : ERROR : main :  : WindowsDefenderExceptionHandler :  :  :    on
2023-05-22 14:46:17,527 : ERROR : main :  : WindowsDefenderExceptionHandler :  :  :     + FullyQualifiedErrorId : System.Security.SecurityException,Microsoft.PowerShell.Commands.GetItemCommand
2023-05-22 14:46:17,527 : ERROR : main :  : WindowsDefenderExceptionHandler :  :  :  
2023-05-22 14:46:24,391 : WARN  : ModalContext :  : Node : CSV Reader (deprecated) : 3:73 : Input file 'D:\FABIOLA\Asignaturas\DataMining\2023-2_DM-BD\DataMining_3CV15\Practicas_20232_3CV15\9-reglasAsoc\BreadBasket_DMS.csv' does not exist
2023-05-22 14:46:24,392 : WARN  : ModalContext :  : Node : Table Reader (deprecated) : 3:80 : Input file 'D:\FABIOLA\Asignaturas\DataMining\2023-2_DM-BD\DataMining_3CV15\Practicas_20232_3CV15\9-reglasAsoc\transactions.table' does not exist
2023-05-22 14:46:24,393 : WARN  : ModalContext :  : Node : Table Reader (deprecated) : 3:81 : Input file 'D:\FABIOLA\Asignaturas\DataMining\2022-2 ISC-CD\MineriaDatos-LCD-5CDM1\Practicas\5-ejReglasAsoc\items.table' does not exist
2023-05-22 14:46:24,438 : ERROR : ModalContext :  : LoadWorkflowRunnable :  :  : Errors during load: Status: Error: KNIME_ejRegAsoc-23-2 3 loaded with errors
2023-05-22 14:46:24,438 : ERROR : ModalContext :  : LoadWorkflowRunnable :  :  :   Status: Error: KNIME_ejRegAsoc-23-2 3
2023-05-22 14:46:24,438 : ERROR : ModalContext :  : LoadWorkflowRunnable :  :  :     Status: Error: Node "Association Rule Learner (Borgelt)" not available from extension "KNIME Itemset Mining" (provided by "KNIME AG, Zurich, Switzerland"; plugin "org.knime.ext.itemset" is not installed)
2023-05-22 14:46:24,439 : ERROR : ModalContext :  : LoadWorkflowRunnable :  :  :     Status: Error: Node "Association Rule Learner (Borgelt)" not available from extension "KNIME Itemset Mining" (provided by "KNIME AG, Zurich, Switzerland"; plugin "org.knime.ext.itemset" is not installed)
2023-05-22 14:47:05,712 : ERROR : main :  : WindowsDefenderExceptionHandler :  :  : PowerShell command powershell -inputformat none -outputformat text -NonInteractive -Command Get-Item -Path 'Registry::HKEY_LOCAL_MACHINE\SOFTWARE\Microsoft\Windows Defender\Exclusions\Processes' -ErrorAction Stop | Select-Object -ExpandProperty Property did not terminate successfully.
2023-05-22 14:47:05,712 : ERROR : main :  : WindowsDefenderExceptionHandler :  :  : Stderr is:
2023-05-22 14:47:05,712 : ERROR : main :  : WindowsDefenderExceptionHandler :  :  : Get-Item : Requested registry access is not allowed.
2023-05-22 14:47:05,712 : ERROR : main :  : WindowsDefenderExceptionHandler :  :  : At line:1 char:1
2023-05-22 14:47:05,712 : ERROR : main :  : WindowsDefenderExceptionHandler :  :  : + Get-Item -Path 'Registry::HKEY_LOCAL_MACHINE\SOFTWARE\Microsoft\Windo ...
2023-05-22 14:47:05,712 : ERROR : main :  : WindowsDefenderExceptionHandler :  :  : + ~~~~~~~~~~~~~~~~~~~~~~~~~~~~~~~~~~~~~~~~~~~~~~~~~~~~~~~~~~~~~~~~~~~~~
2023-05-22 14:47:05,712 : ERROR : main :  : WindowsDefenderExceptionHandler :  :  :     + CategoryInfo          : PermissionDenied: (HKEY_LOCAL_MACH...sions\Processes:String) [Get-Item], SecurityExcepti 
2023-05-22 14:47:05,712 : ERROR : main :  : WindowsDefenderExceptionHandler :  :  :    on
2023-05-22 14:47:05,712 : ERROR : main :  : WindowsDefenderExceptionHandler :  :  :     + FullyQualifiedErrorId : System.Security.SecurityException,Microsoft.PowerShell.Commands.GetItemCommand
2023-05-22 14:47:05,712 : ERROR : main :  : WindowsDefenderExceptionHandler :  :  :  
2023-05-22 14:47:15,764 : WARN  : ModalContext :  : Node : CSV Reader (deprecated) : 3:73 : Input file 'D:\FABIOLA\Asignaturas\DataMining\2023-2_DM-BD\DataMining_3CV15\Practicas_20232_3CV15\9-reglasAsoc\BreadBasket_DMS.csv' does not exist
2023-05-22 14:47:15,765 : WARN  : ModalContext :  : Node : Table Reader (deprecated) : 3:80 : Input file 'D:\FABIOLA\Asignaturas\DataMining\2023-2_DM-BD\DataMining_3CV15\Practicas_20232_3CV15\9-reglasAsoc\transactions.table' does not exist
2023-05-22 14:47:15,766 : WARN  : ModalContext :  : Node : Table Reader (deprecated) : 3:81 : Input file 'D:\FABIOLA\Asignaturas\DataMining\2022-2 ISC-CD\MineriaDatos-LCD-5CDM1\Practicas\5-ejReglasAsoc\items.table' does not exist
2023-06-04 17:31:28,777 : ERROR : main :  : WindowsDefenderExceptionHandler :  :  : PowerShell command powershell -inputformat none -outputformat text -NonInteractive -Command Get-Item -Path 'Registry::HKEY_LOCAL_MACHINE\SOFTWARE\Microsoft\Windows Defender\Exclusions\Processes' -ErrorAction Stop | Select-Object -ExpandProperty Property did not terminate successfully.
2023-06-04 17:31:28,778 : ERROR : main :  : WindowsDefenderExceptionHandler :  :  : Stderr is:
2023-06-04 17:31:28,778 : ERROR : main :  : WindowsDefenderExceptionHandler :  :  : Get-Item : Requested registry access is not allowed.
2023-06-04 17:31:28,778 : ERROR : main :  : WindowsDefenderExceptionHandler :  :  : At line:1 char:1
2023-06-04 17:31:28,778 : ERROR : main :  : WindowsDefenderExceptionHandler :  :  : + Get-Item -Path 'Registry::HKEY_LOCAL_MACHINE\SOFTWARE\Microsoft\Windo ...
2023-06-04 17:31:28,778 : ERROR : main :  : WindowsDefenderExceptionHandler :  :  : + ~~~~~~~~~~~~~~~~~~~~~~~~~~~~~~~~~~~~~~~~~~~~~~~~~~~~~~~~~~~~~~~~~~~~~
2023-06-04 17:31:28,778 : ERROR : main :  : WindowsDefenderExceptionHandler :  :  :     + CategoryInfo          : PermissionDenied: (HKEY_LOCAL_MACH...sions\Processes:String) [Get-Item], SecurityExcepti 
2023-06-04 17:31:28,778 : ERROR : main :  : WindowsDefenderExceptionHandler :  :  :    on
2023-06-04 17:31:28,778 : ERROR : main :  : WindowsDefenderExceptionHandler :  :  :     + FullyQualifiedErrorId : System.Security.SecurityException,Microsoft.PowerShell.Commands.GetItemCommand
2023-06-04 17:31:28,779 : ERROR : main :  : WindowsDefenderExceptionHandler :  :  :  
2023-06-06 19:25:32,414 : ERROR : main :  : WindowsDefenderExceptionHandler :  :  : PowerShell command powershell -inputformat none -outputformat text -NonInteractive -Command Get-Item -Path 'Registry::HKEY_LOCAL_MACHINE\SOFTWARE\Microsoft\Windows Defender\Exclusions\Processes' -ErrorAction Stop | Select-Object -ExpandProperty Property did not terminate successfully.
2023-06-06 19:25:32,415 : ERROR : main :  : WindowsDefenderExceptionHandler :  :  : Stderr is:
2023-06-06 19:25:32,415 : ERROR : main :  : WindowsDefenderExceptionHandler :  :  : Get-Item : Requested registry access is not allowed.
2023-06-06 19:25:32,415 : ERROR : main :  : WindowsDefenderExceptionHandler :  :  : At line:1 char:1
2023-06-06 19:25:32,415 : ERROR : main :  : WindowsDefenderExceptionHandler :  :  : + Get-Item -Path 'Registry::HKEY_LOCAL_MACHINE\SOFTWARE\Microsoft\Windo ...
2023-06-06 19:25:32,415 : ERROR : main :  : WindowsDefenderExceptionHandler :  :  : + ~~~~~~~~~~~~~~~~~~~~~~~~~~~~~~~~~~~~~~~~~~~~~~~~~~~~~~~~~~~~~~~~~~~~~
2023-06-06 19:25:32,415 : ERROR : main :  : WindowsDefenderExceptionHandler :  :  :     + CategoryInfo          : PermissionDenied: (HKEY_LOCAL_MACH...sions\Processes:String) [Get-Item], SecurityExcepti 
2023-06-06 19:25:32,415 : ERROR : main :  : WindowsDefenderExceptionHandler :  :  :    on
2023-06-06 19:25:32,415 : ERROR : main :  : WindowsDefenderExceptionHandler :  :  :     + FullyQualifiedErrorId : System.Security.SecurityException,Microsoft.PowerShell.Commands.GetItemCommand
2023-06-06 19:25:32,415 : ERROR : main :  : WindowsDefenderExceptionHandler :  :  :  
2023-06-06 19:26:32,361 : ERROR : KNIME-ConfigurationArea-Checker :  : ConfigurationAreaChecker :  :  : Can't check integrity of configuration area ("C:\Users\mauro\.eclipse\903338280_win32_win32_x86_64\configuration"): The process cannot access the file because another process has locked a portion of the file
java.io.IOException: The process cannot access the file because another process has locked a portion of the file
	at java.base/sun.nio.ch.FileDispatcherImpl.write0(Native Method)
	at java.base/sun.nio.ch.FileDispatcherImpl.write(Unknown Source)
	at java.base/sun.nio.ch.IOUtil.writeFromNativeBuffer(Unknown Source)
	at java.base/sun.nio.ch.IOUtil.write(Unknown Source)
	at java.base/sun.nio.ch.IOUtil.write(Unknown Source)
	at java.base/sun.nio.ch.FileChannelImpl.write(Unknown Source)
	at org.knime.core.internal.ConfigurationAreaChecker.lambda$0(ConfigurationAreaChecker.java:135)
	at java.base/java.lang.Thread.run(Unknown Source)
2023-06-11 16:39:06,868 : ERROR : main :  : WindowsDefenderExceptionHandler :  :  : PowerShell command powershell -inputformat none -outputformat text -NonInteractive -Command Get-Item -Path 'Registry::HKEY_LOCAL_MACHINE\SOFTWARE\Microsoft\Windows Defender\Exclusions\Processes' -ErrorAction Stop | Select-Object -ExpandProperty Property did not terminate successfully.
2023-06-11 16:39:06,868 : ERROR : main :  : WindowsDefenderExceptionHandler :  :  : Stderr is:
2023-06-11 16:39:06,869 : ERROR : main :  : WindowsDefenderExceptionHandler :  :  : Get-Item : Requested registry access is not allowed.
2023-06-11 16:39:06,869 : ERROR : main :  : WindowsDefenderExceptionHandler :  :  : At line:1 char:1
2023-06-11 16:39:06,869 : ERROR : main :  : WindowsDefenderExceptionHandler :  :  : + Get-Item -Path 'Registry::HKEY_LOCAL_MACHINE\SOFTWARE\Microsoft\Windo ...
2023-06-11 16:39:06,869 : ERROR : main :  : WindowsDefenderExceptionHandler :  :  : + ~~~~~~~~~~~~~~~~~~~~~~~~~~~~~~~~~~~~~~~~~~~~~~~~~~~~~~~~~~~~~~~~~~~~~
2023-06-11 16:39:06,869 : ERROR : main :  : WindowsDefenderExceptionHandler :  :  :     + CategoryInfo          : PermissionDenied: (HKEY_LOCAL_MACH...sions\Processes:String) [Get-Item], SecurityExcepti 
2023-06-11 16:39:06,869 : ERROR : main :  : WindowsDefenderExceptionHandler :  :  :    on
2023-06-11 16:39:06,869 : ERROR : main :  : WindowsDefenderExceptionHandler :  :  :     + FullyQualifiedErrorId : System.Security.SecurityException,Microsoft.PowerShell.Commands.GetItemCommand
2023-06-11 16:39:06,869 : ERROR : main :  : WindowsDefenderExceptionHandler :  :  :  
