
*** Running vivado
    with args -log sumaN.vds -m64 -product Vivado -mode batch -messageDb vivado.pb -notrace -source sumaN.tcl


****** Vivado v2019.1 (64-bit)
  **** SW Build 2552052 on Fri May 24 14:49:42 MDT 2019
  **** IP Build 2548770 on Fri May 24 18:01:18 MDT 2019
    ** Copyright 1986-2019 Xilinx, Inc. All Rights Reserved.

source sumaN.tcl -notrace
Command: synth_design -top sumaN -part xc7a100tcsg324-1
Starting synth_design
Attempting to get a license for feature 'Synthesis' and/or device 'xc7a100t'
INFO: [Common 17-349] Got license for feature 'Synthesis' and/or device 'xc7a100t'
INFO: [Device 21-403] Loading part xc7a100tcsg324-1
INFO: Launching helper process for spawning children vivado processes
INFO: Helper process launched with PID 1572 
---------------------------------------------------------------------------------
Starting RTL Elaboration : Time (s): cpu = 00:00:04 ; elapsed = 00:00:05 . Memory (MB): peak = 696.098 ; gain = 178.781
---------------------------------------------------------------------------------
INFO: [Synth 8-638] synthesizing module 'sumaN' [C:/Users/User-Pc/Documents/Arquitectura/sumaN/sumaN.srcs/sources_1/new/sumaN.vhd:15]
	Parameter n bound to: 8 - type: integer 
INFO: [Synth 8-3491] module 'suma1' declared at 'C:/Users/User-Pc/Documents/Arquitectura/suma1/suma1.srcs/sources_1/new/suma1.vhd:4' bound to instance 'bit1' of component 'suma1' [C:/Users/User-Pc/Documents/Arquitectura/sumaN/sumaN.srcs/sources_1/new/sumaN.vhd:31]
INFO: [Synth 8-638] synthesizing module 'suma1' [C:/Users/User-Pc/Documents/Arquitectura/suma1/suma1.srcs/sources_1/new/suma1.vhd:10]
INFO: [Synth 8-256] done synthesizing module 'suma1' (1#1) [C:/Users/User-Pc/Documents/Arquitectura/suma1/suma1.srcs/sources_1/new/suma1.vhd:10]
INFO: [Synth 8-3491] module 'suma1' declared at 'C:/Users/User-Pc/Documents/Arquitectura/suma1/suma1.srcs/sources_1/new/suma1.vhd:4' bound to instance 'bit1' of component 'suma1' [C:/Users/User-Pc/Documents/Arquitectura/sumaN/sumaN.srcs/sources_1/new/sumaN.vhd:31]
INFO: [Synth 8-3491] module 'suma1' declared at 'C:/Users/User-Pc/Documents/Arquitectura/suma1/suma1.srcs/sources_1/new/suma1.vhd:4' bound to instance 'bit1' of component 'suma1' [C:/Users/User-Pc/Documents/Arquitectura/sumaN/sumaN.srcs/sources_1/new/sumaN.vhd:31]
INFO: [Synth 8-3491] module 'suma1' declared at 'C:/Users/User-Pc/Documents/Arquitectura/suma1/suma1.srcs/sources_1/new/suma1.vhd:4' bound to instance 'bit1' of component 'suma1' [C:/Users/User-Pc/Documents/Arquitectura/sumaN/sumaN.srcs/sources_1/new/sumaN.vhd:31]
INFO: [Synth 8-3491] module 'suma1' declared at 'C:/Users/User-Pc/Documents/Arquitectura/suma1/suma1.srcs/sources_1/new/suma1.vhd:4' bound to instance 'bit1' of component 'suma1' [C:/Users/User-Pc/Documents/Arquitectura/sumaN/sumaN.srcs/sources_1/new/sumaN.vhd:31]
INFO: [Synth 8-3491] module 'suma1' declared at 'C:/Users/User-Pc/Documents/Arquitectura/suma1/suma1.srcs/sources_1/new/suma1.vhd:4' bound to instance 'bit1' of component 'suma1' [C:/Users/User-Pc/Documents/Arquitectura/sumaN/sumaN.srcs/sources_1/new/sumaN.vhd:31]
INFO: [Synth 8-3491] module 'suma1' declared at 'C:/Users/User-Pc/Documents/Arquitectura/suma1/suma1.srcs/sources_1/new/suma1.vhd:4' bound to instance 'bit1' of component 'suma1' [C:/Users/User-Pc/Documents/Arquitectura/sumaN/sumaN.srcs/sources_1/new/sumaN.vhd:31]
INFO: [Synth 8-3491] module 'suma1' declared at 'C:/Users/User-Pc/Documents/Arquitectura/suma1/suma1.srcs/sources_1/new/suma1.vhd:4' bound to instance 'bit1' of component 'suma1' [C:/Users/User-Pc/Documents/Arquitectura/sumaN/sumaN.srcs/sources_1/new/sumaN.vhd:31]
INFO: [Synth 8-256] done synthesizing module 'sumaN' (2#1) [C:/Users/User-Pc/Documents/Arquitectura/sumaN/sumaN.srcs/sources_1/new/sumaN.vhd:15]
---------------------------------------------------------------------------------
Finished RTL Elaboration : Time (s): cpu = 00:00:05 ; elapsed = 00:00:06 . Memory (MB): peak = 759.406 ; gain = 242.090
---------------------------------------------------------------------------------

Report Check Netlist: 
+------+------------------+-------+---------+-------+------------------+
|      |Item              |Errors |Warnings |Status |Description       |
+------+------------------+-------+---------+-------+------------------+
|1     |multi_driven_nets |      0|        0|Passed |Multi driven nets |
+------+------------------+-------+---------+-------+------------------+
---------------------------------------------------------------------------------
Start Handling Custom Attributes
---------------------------------------------------------------------------------
---------------------------------------------------------------------------------
Finished Handling Custom Attributes : Time (s): cpu = 00:00:05 ; elapsed = 00:00:06 . Memory (MB): peak = 759.406 ; gain = 242.090
---------------------------------------------------------------------------------
---------------------------------------------------------------------------------
Finished RTL Optimization Phase 1 : Time (s): cpu = 00:00:05 ; elapsed = 00:00:06 . Memory (MB): peak = 759.406 ; gain = 242.090
---------------------------------------------------------------------------------
INFO: [Project 1-570] Preparing netlist for logic optimization

Processing XDC Constraints
Initializing timing engine
Parsing XDC File [C:/Users/User-Pc/Documents/Arquitectura/sumaN/sumaN.srcs/constrs_1/new/Pines.xdc]
Finished Parsing XDC File [C:/Users/User-Pc/Documents/Arquitectura/sumaN/sumaN.srcs/constrs_1/new/Pines.xdc]
Completed Processing XDC Constraints

Netlist sorting complete. Time (s): cpu = 00:00:00 ; elapsed = 00:00:00 . Memory (MB): peak = 860.820 ; gain = 0.000
INFO: [Project 1-111] Unisim Transformation Summary:
No Unisim elements were transformed.

WARNING: [Constraints 18-5210] No constraints selected for write.
Resolution: This message can indicate that there are no constraints for the design, or it can indicate that the used_in flags are set such that the constraints are ignored. This later case is used when running synth_design to not write synthesis constraints to the resulting checkpoint. Instead, project constraints are read when the synthesized design is opened.
Constraint Validation Runtime : Time (s): cpu = 00:00:00 ; elapsed = 00:00:00.337 . Memory (MB): peak = 864.348 ; gain = 3.527
---------------------------------------------------------------------------------
Finished Constraint Validation : Time (s): cpu = 00:00:12 ; elapsed = 00:00:14 . Memory (MB): peak = 864.348 ; gain = 347.031
---------------------------------------------------------------------------------
---------------------------------------------------------------------------------
Start Loading Part and Timing Information
---------------------------------------------------------------------------------
Loading part: xc7a100tcsg324-1
---------------------------------------------------------------------------------
Finished Loading Part and Timing Information : Time (s): cpu = 00:00:12 ; elapsed = 00:00:14 . Memory (MB): peak = 864.348 ; gain = 347.031
---------------------------------------------------------------------------------
---------------------------------------------------------------------------------
Start Applying 'set_property' XDC Constraints
---------------------------------------------------------------------------------
---------------------------------------------------------------------------------
Finished applying 'set_property' XDC Constraints : Time (s): cpu = 00:00:12 ; elapsed = 00:00:14 . Memory (MB): peak = 864.348 ; gain = 347.031
---------------------------------------------------------------------------------
---------------------------------------------------------------------------------
Finished RTL Optimization Phase 2 : Time (s): cpu = 00:00:12 ; elapsed = 00:00:15 . Memory (MB): peak = 864.348 ; gain = 347.031
---------------------------------------------------------------------------------

Report RTL Partitions: 
+-+--------------+------------+----------+
| |RTL Partition |Replication |Instances |
+-+--------------+------------+----------+
+-+--------------+------------+----------+
---------------------------------------------------------------------------------
Start RTL Component Statistics 
---------------------------------------------------------------------------------
Detailed RTL Component Info : 
+---XORs : 
	   3 Input      1 Bit         XORs := 8     
	   2 Input      1 Bit         XORs := 8     
---------------------------------------------------------------------------------
Finished RTL Component Statistics 
---------------------------------------------------------------------------------
---------------------------------------------------------------------------------
Start RTL Hierarchical Component Statistics 
---------------------------------------------------------------------------------
Hierarchical RTL Component report 
Module sumaN 
Detailed RTL Component Info : 
+---XORs : 
	   2 Input      1 Bit         XORs := 8     
Module suma1 
Detailed RTL Component Info : 
+---XORs : 
	   3 Input      1 Bit         XORs := 1     
---------------------------------------------------------------------------------
Finished RTL Hierarchical Component Statistics
---------------------------------------------------------------------------------
---------------------------------------------------------------------------------
Start Part Resource Summary
---------------------------------------------------------------------------------
Part Resources:
DSPs: 240 (col length:80)
BRAMs: 270 (col length: RAMB18 80 RAMB36 40)
---------------------------------------------------------------------------------
Finished Part Resource Summary
---------------------------------------------------------------------------------
---------------------------------------------------------------------------------
Start Cross Boundary and Area Optimization
---------------------------------------------------------------------------------
Warning: Parallel synthesis criteria is not met 
---------------------------------------------------------------------------------
Finished Cross Boundary and Area Optimization : Time (s): cpu = 00:00:14 ; elapsed = 00:00:18 . Memory (MB): peak = 864.348 ; gain = 347.031
---------------------------------------------------------------------------------

Report RTL Partitions: 
+-+--------------+------------+----------+
| |RTL Partition |Replication |Instances |
+-+--------------+------------+----------+
+-+--------------+------------+----------+
---------------------------------------------------------------------------------
Start Applying XDC Timing Constraints
---------------------------------------------------------------------------------
---------------------------------------------------------------------------------
Finished Applying XDC Timing Constraints : Time (s): cpu = 00:00:22 ; elapsed = 00:00:27 . Memory (MB): peak = 864.348 ; gain = 347.031
---------------------------------------------------------------------------------
---------------------------------------------------------------------------------
Start Timing Optimization
---------------------------------------------------------------------------------
---------------------------------------------------------------------------------
Finished Timing Optimization : Time (s): cpu = 00:00:23 ; elapsed = 00:00:27 . Memory (MB): peak = 864.348 ; gain = 347.031
---------------------------------------------------------------------------------

Report RTL Partitions: 
+-+--------------+------------+----------+
| |RTL Partition |Replication |Instances |
+-+--------------+------------+----------+
+-+--------------+------------+----------+
---------------------------------------------------------------------------------
Start Technology Mapping
---------------------------------------------------------------------------------
---------------------------------------------------------------------------------
Finished Technology Mapping : Time (s): cpu = 00:00:23 ; elapsed = 00:00:27 . Memory (MB): peak = 864.348 ; gain = 347.031
---------------------------------------------------------------------------------

Report RTL Partitions: 
+-+--------------+------------+----------+
| |RTL Partition |Replication |Instances |
+-+--------------+------------+----------+
+-+--------------+------------+----------+
---------------------------------------------------------------------------------
Start IO Insertion
---------------------------------------------------------------------------------
---------------------------------------------------------------------------------
Start Flattening Before IO Insertion
---------------------------------------------------------------------------------
---------------------------------------------------------------------------------
Finished Flattening Before IO Insertion
---------------------------------------------------------------------------------
---------------------------------------------------------------------------------
Start Final Netlist Cleanup
---------------------------------------------------------------------------------
---------------------------------------------------------------------------------
Finished Final Netlist Cleanup
---------------------------------------------------------------------------------
---------------------------------------------------------------------------------
Finished IO Insertion : Time (s): cpu = 00:00:25 ; elapsed = 00:00:30 . Memory (MB): peak = 866.637 ; gain = 349.320
---------------------------------------------------------------------------------

Report Check Netlist: 
+------+------------------+-------+---------+-------+------------------+
|      |Item              |Errors |Warnings |Status |Description       |
+------+------------------+-------+---------+-------+------------------+
|1     |multi_driven_nets |      0|        0|Passed |Multi driven nets |
+------+------------------+-------+---------+-------+------------------+
---------------------------------------------------------------------------------
Start Renaming Generated Instances
---------------------------------------------------------------------------------
---------------------------------------------------------------------------------
Finished Renaming Generated Instances : Time (s): cpu = 00:00:25 ; elapsed = 00:00:30 . Memory (MB): peak = 866.637 ; gain = 349.320
---------------------------------------------------------------------------------

Report RTL Partitions: 
+-+--------------+------------+----------+
| |RTL Partition |Replication |Instances |
+-+--------------+------------+----------+
+-+--------------+------------+----------+
---------------------------------------------------------------------------------
Start Rebuilding User Hierarchy
---------------------------------------------------------------------------------
---------------------------------------------------------------------------------
Finished Rebuilding User Hierarchy : Time (s): cpu = 00:00:25 ; elapsed = 00:00:30 . Memory (MB): peak = 866.637 ; gain = 349.320
---------------------------------------------------------------------------------
---------------------------------------------------------------------------------
Start Renaming Generated Ports
---------------------------------------------------------------------------------
---------------------------------------------------------------------------------
Finished Renaming Generated Ports : Time (s): cpu = 00:00:25 ; elapsed = 00:00:30 . Memory (MB): peak = 866.637 ; gain = 349.320
---------------------------------------------------------------------------------
---------------------------------------------------------------------------------
Start Handling Custom Attributes
---------------------------------------------------------------------------------
---------------------------------------------------------------------------------
Finished Handling Custom Attributes : Time (s): cpu = 00:00:25 ; elapsed = 00:00:30 . Memory (MB): peak = 866.637 ; gain = 349.320
---------------------------------------------------------------------------------
---------------------------------------------------------------------------------
Start Renaming Generated Nets
---------------------------------------------------------------------------------
---------------------------------------------------------------------------------
Finished Renaming Generated Nets : Time (s): cpu = 00:00:25 ; elapsed = 00:00:30 . Memory (MB): peak = 866.637 ; gain = 349.320
---------------------------------------------------------------------------------
---------------------------------------------------------------------------------
Start Writing Synthesis Report
---------------------------------------------------------------------------------

Report BlackBoxes: 
+-+--------------+----------+
| |BlackBox name |Instances |
+-+--------------+----------+
+-+--------------+----------+

Report Cell Usage: 
+------+-----+------+
|      |Cell |Count |
+------+-----+------+
|1     |LUT2 |     1|
|2     |LUT4 |     3|
|3     |LUT5 |     2|
|4     |LUT6 |     6|
|5     |IBUF |    17|
|6     |OBUF |     9|
+------+-----+------+

Report Instance Areas: 
+------+---------+-------+------+
|      |Instance |Module |Cells |
+------+---------+-------+------+
|1     |top      |       |    38|
+------+---------+-------+------+
---------------------------------------------------------------------------------
Finished Writing Synthesis Report : Time (s): cpu = 00:00:25 ; elapsed = 00:00:30 . Memory (MB): peak = 866.637 ; gain = 349.320
---------------------------------------------------------------------------------
Synthesis finished with 0 errors, 0 critical warnings and 0 warnings.
Synthesis Optimization Runtime : Time (s): cpu = 00:00:17 ; elapsed = 00:00:27 . Memory (MB): peak = 866.637 ; gain = 244.379
Synthesis Optimization Complete : Time (s): cpu = 00:00:25 ; elapsed = 00:00:30 . Memory (MB): peak = 866.637 ; gain = 349.320
INFO: [Project 1-571] Translating synthesized netlist
INFO: [Project 1-570] Preparing netlist for logic optimization
INFO: [Opt 31-138] Pushed 0 inverter(s) to 0 load pin(s).
Netlist sorting complete. Time (s): cpu = 00:00:00 ; elapsed = 00:00:00.001 . Memory (MB): peak = 884.520 ; gain = 0.000
INFO: [Project 1-111] Unisim Transformation Summary:
No Unisim elements were transformed.

INFO: [Common 17-83] Releasing license: Synthesis
21 Infos, 1 Warnings, 0 Critical Warnings and 0 Errors encountered.
synth_design completed successfully
synth_design: Time (s): cpu = 00:00:32 ; elapsed = 00:00:39 . Memory (MB): peak = 884.520 ; gain = 592.430
Netlist sorting complete. Time (s): cpu = 00:00:00 ; elapsed = 00:00:00 . Memory (MB): peak = 884.520 ; gain = 0.000
WARNING: [Constraints 18-5210] No constraints selected for write.
Resolution: This message can indicate that there are no constraints for the design, or it can indicate that the used_in flags are set such that the constraints are ignored. This later case is used when running synth_design to not write synthesis constraints to the resulting checkpoint. Instead, project constraints are read when the synthesized design is opened.
INFO: [Common 17-1381] The checkpoint 'C:/Users/User-Pc/Documents/Arquitectura/sumaN/sumaN.runs/synth_1/sumaN.dcp' has been generated.
INFO: [runtcl-4] Executing : report_utilization -file sumaN_utilization_synth.rpt -pb sumaN_utilization_synth.pb
INFO: [Common 17-206] Exiting Vivado at Mon Mar  2 10:57:27 2020...
