Vivado Simulator 2019.2
Copyright 1986-1999, 2001-2019 Xilinx, Inc. All Rights Reserved.
Running: C:/Xilinx/Vivado/2019.2/bin/unwrapped/win64.o/xelab.exe -wto 6c0e98e9ce4946359b92620c64b18860 --incr --debug typical --relax --mt 2 -L xil_defaultlib -L secureip --snapshot cartaASM_tb_behav xil_defaultlib.cartaASM_tb -log elaborate.log 
Using 2 slave threads.
Starting static elaboration
Completed static elaboration
Starting simulation data flow analysis
Completed simulation data flow analysis
Time Resolution for simulation is 1ps
Compiling package std.standard
Compiling package std.textio
Compiling package ieee.std_logic_1164
Compiling package ieee.std_logic_arith
Compiling package ieee.std_logic_unsigned
Compiling architecture behavioral of entity xil_defaultlib.BanderaZ [banderaz_default]
Compiling architecture behavioral of entity xil_defaultlib.UnidadControl [unidadcontrol_default]
Compiling architecture behavioral of entity xil_defaultlib.Contador [contador_default]
Compiling architecture behavioral of entity xil_defaultlib.Arreglo [arreglo_default]
Compiling architecture behavioral of entity xil_defaultlib.Decodificador [decodificador_default]
Compiling architecture behavioral of entity xil_defaultlib.Mux [mux_default]
Compiling architecture behavioral of entity xil_defaultlib.cartaASM [cartaasm_default]
Compiling architecture behavioral of entity xil_defaultlib.cartaasm_tb
Built simulation snapshot cartaASM_tb_behav
