Vivado Simulator 2019.1
Copyright 1986-1999, 2001-2019 Xilinx, Inc. All Rights Reserved.
Running: C:/Xilinx/Vivado/2019.1/bin/unwrapped/win64.o/xelab.exe -wto d0556f89746642e3aab6bb6151a22048 --incr --debug typical --relax --mt 2 -L xil_defaultlib -L secureip --snapshot ArchivodeRegistros_tb_behav xil_defaultlib.ArchivodeRegistros_tb -log elaborate.log 
Using 2 slave threads.
Starting static elaboration
Completed static elaboration
Starting simulation data flow analysis
Completed simulation data flow analysis
Time Resolution for simulation is 1ps
Compiling package std.standard
Compiling package std.textio
Compiling package ieee.std_logic_1164
Compiling package ieee.std_logic_textio
Compiling package ieee.std_logic_arith
Compiling package ieee.std_logic_unsigned
Compiling architecture behavioral of entity xil_defaultlib.Registro [registro_default]
Compiling architecture behavioral of entity xil_defaultlib.BarrelShifter [barrelshifter_default]
Compiling architecture behavioral of entity xil_defaultlib.Demux [demux_default]
Compiling architecture behavioral of entity xil_defaultlib.Multiplexor_16ch [multiplexor_16ch_default]
Compiling architecture behavioral of entity xil_defaultlib.ArchivodeRegistros [archivoderegistros_default]
Compiling architecture behavioral of entity xil_defaultlib.archivoderegistros_tb
Built simulation snapshot ArchivodeRegistros_tb_behav
